#
# There is insufficient memory for the Java Runtime Environment to continue.
# Cannot create GC thread. Out of system resources.
# Possible reasons:
#   The system is out of physical RAM or swap space
#   In 32 bit mode, the process size limit was hit
# Possible solutions:
#   Reduce memory load on the system
#   Increase physical memory or swap space
#   Check if swap backing store is full
#   Use 64 bit Java on a 64 bit OS
#   Decrease Java heap size (-Xmx/-Xms)
#   Decrease number of Java threads
#   Decrease Java thread stack sizes (-Xss)
#   Set larger code cache with -XX:ReservedCodeCacheSize=
# This output file may be truncated or incomplete.
#
#  Out of Memory Error (gcTaskThread.cpp:46), pid=4664, tid=140463674255104
#
# JRE version:  (7.0_45-b18) (build )
# Java VM: Java HotSpot(TM) 64-Bit Server VM (24.45-b08 mixed mode linux-amd64 compressed oops)
# Failed to write core dump. Core dumps have been disabled. To enable core dumping, try "ulimit -c unlimited" before starting Java again
#

---------------  T H R E A D  ---------------

Current thread (0x00007fc038013800):  JavaThread "Unknown thread" [_thread_in_vm, id=4665, stack(0x00007fc03f586000,0x00007fc03f687000)]

Stack: [0x00007fc03f586000,0x00007fc03f687000],  sp=0x00007fc03f6855e0,  free space=1021k
Native frames: (J=compiled Java code, j=interpreted, Vv=VM code, C=native code)
V  [libjvm.so+0x992c8a]  VMError::report_and_die()+0x2ea
V  [libjvm.so+0x49319b]  report_vm_out_of_memory(char const*, int, unsigned long, char const*)+0x9b
V  [libjvm.so+0x55130a]  GCTaskThread::GCTaskThread(GCTaskManager*, unsigned int, unsigned int)+0x11a
V  [libjvm.so+0x550888]  GCTaskManager::initialize()+0x2b8
V  [libjvm.so+0x83415c]  ParallelScavengeHeap::initialize()+0x76c
V  [libjvm.so+0x96625a]  Universe::initialize_heap()+0xca
V  [libjvm.so+0x967429]  universe_init()+0x79
V  [libjvm.so+0x5a9645]  init_globals()+0x65
V  [libjvm.so+0x94ed1d]  Threads::create_vm(JavaVMInitArgs*, bool*)+0x1ed
V  [libjvm.so+0x630804]  JNI_CreateJavaVM+0x74
C  [libjli.so+0x2f8e]  JavaMain+0x9e


---------------  P R O C E S S  ---------------

Java Threads: ( => current thread )

Other Threads:

=>0x00007fc038013800 (exited) JavaThread "Unknown thread" [_thread_in_vm, id=4665, stack(0x00007fc03f586000,0x00007fc03f687000)]

VM state:not at safepoint (not fully initialized)

VM Mutex/Monitor currently owned by a thread: None

GC Heap History (0 events):
No events

Deoptimization events (0 events):
No events

Internal exceptions (0 events):
No events

Events (0 events):
No events


Dynamic libraries:
00400000-00401000 r-xp 00000000 08:07 315872                             /usr/opt/oracle-jdk-bin-1.7.0.45/bin/java
00600000-00601000 rw-p 00000000 08:07 315872                             /usr/opt/oracle-jdk-bin-1.7.0.45/bin/java
024a9000-024ca000 rw-p 00000000 00:00 0                                  [heap]
77ec00000-780100000 rw-p 00000000 00:00 0 
780100000-783e00000 rw-p 00000000 00:00 0 
783e00000-789080000 rw-p 00000000 00:00 0 
789080000-7d6a00000 rw-p 00000000 00:00 0 
7d6a00000-7d9380000 rw-p 00000000 00:00 0 
7d9380000-800000000 rw-p 00000000 00:00 0 
7fc035000000-7fc035270000 rwxp 00000000 00:00 0 
7fc035270000-7fc038038000 rw-p 00000000 00:00 0 
7fc038038000-7fc03c000000 ---p 00000000 00:00 0 
7fc03c00a000-7fc03c24f000 rw-p 00000000 00:00 0 
7fc03c24f000-7fc03c250000 ---p 00000000 00:00 0 
7fc03c250000-7fc03c350000 rw-p 00000000 00:00 0 
7fc03c350000-7fc03c351000 ---p 00000000 00:00 0 
7fc03c351000-7fc03c451000 rw-p 00000000 00:00 0                          [stack:4667]
7fc03c451000-7fc03c452000 ---p 00000000 00:00 0 
7fc03c452000-7fc03c57c000 rw-p 00000000 00:00 0                          [stack:4666]
7fc03c57c000-7fc03c7e8000 rw-p 00000000 00:00 0 
7fc03c7e8000-7fc03c7f3000 rw-p 00000000 00:00 0 
7fc03c7f3000-7fc03c811000 rw-p 00000000 00:00 0 
7fc03c811000-7fc03c83b000 rw-p 00000000 00:00 0 
7fc03c83b000-7fc03caa7000 rw-p 00000000 00:00 0 
7fc03caa7000-7fc03cabc000 rw-p 00000000 00:00 0 
7fc03cabc000-7fc03cbf2000 rw-p 00000000 00:00 0 
7fc03cbf2000-7fc03cbfd000 rw-p 00000000 00:00 0 
7fc03cbfd000-7fc03ccb3000 rw-p 00000000 00:00 0 
7fc03ccb3000-7fc03cccd000 r-xp 00000000 08:07 203562                     /usr/opt/oracle-jdk-bin-1.7.0.45/jre/lib/amd64/libzip.so
7fc03cccd000-7fc03cecd000 ---p 0001a000 08:07 203562                     /usr/opt/oracle-jdk-bin-1.7.0.45/jre/lib/amd64/libzip.so
7fc03cecd000-7fc03cece000 rw-p 0001a000 08:07 203562                     /usr/opt/oracle-jdk-bin-1.7.0.45/jre/lib/amd64/libzip.so
7fc03cece000-7fc03ced1000 r-xp 00000000 08:07 203596                     /usr/opt/oracle-jdk-bin-1.7.0.45/jre/lib/amd64/libnpt.so
7fc03ced1000-7fc03d0d0000 ---p 00003000 08:07 203596                     /usr/opt/oracle-jdk-bin-1.7.0.45/jre/lib/amd64/libnpt.so
7fc03d0d0000-7fc03d0d1000 rw-p 00002000 08:07 203596                     /usr/opt/oracle-jdk-bin-1.7.0.45/jre/lib/amd64/libnpt.so
7fc03d0d1000-7fc03d10a000 r-xp 00000000 08:07 203564                     /usr/opt/oracle-jdk-bin-1.7.0.45/jre/lib/amd64/libjdwp.so
7fc03d10a000-7fc03d30a000 ---p 00039000 08:07 203564                     /usr/opt/oracle-jdk-bin-1.7.0.45/jre/lib/amd64/libjdwp.so
7fc03d30a000-7fc03d30b000 rw-p 00039000 08:07 203564                     /usr/opt/oracle-jdk-bin-1.7.0.45/jre/lib/amd64/libjdwp.so
7fc03d30b000-7fc03d30c000 rw-p 00000000 00:00 0 
7fc03d30c000-7fc03d335000 r-xp 00000000 08:07 203566                     /usr/opt/oracle-jdk-bin-1.7.0.45/jre/lib/amd64/libjava.so
7fc03d335000-7fc03d535000 ---p 00029000 08:07 203566                     /usr/opt/oracle-jdk-bin-1.7.0.45/jre/lib/amd64/libjava.so
7fc03d535000-7fc03d537000 rw-p 00029000 08:07 203566                     /usr/opt/oracle-jdk-bin-1.7.0.45/jre/lib/amd64/libjava.so
7fc03d537000-7fc03d544000 r-xp 00000000 08:07 203558                     /usr/opt/oracle-jdk-bin-1.7.0.45/jre/lib/amd64/libverify.so
7fc03d544000-7fc03d743000 ---p 0000d000 08:07 203558                     /usr/opt/oracle-jdk-bin-1.7.0.45/jre/lib/amd64/libverify.so
7fc03d743000-7fc03d745000 rw-p 0000c000 08:07 203558                     /usr/opt/oracle-jdk-bin-1.7.0.45/jre/lib/amd64/libverify.so
7fc03d745000-7fc03d74c000 r-xp 00000000 08:02 2260                       /lib64/librt-2.16.so
7fc03d74c000-7fc03d94b000 ---p 00007000 08:02 2260                       /lib64/librt-2.16.so
7fc03d94b000-7fc03d94c000 r--p 00006000 08:02 2260                       /lib64/librt-2.16.so
7fc03d94c000-7fc03d94d000 rw-p 00007000 08:02 2260                       /lib64/librt-2.16.so
7fc03d94d000-7fc03da45000 r-xp 00000000 08:02 2264                       /lib64/libm-2.16.so
7fc03da45000-7fc03dc45000 ---p 000f8000 08:02 2264                       /lib64/libm-2.16.so
7fc03dc45000-7fc03dc46000 r--p 000f8000 08:02 2264                       /lib64/libm-2.16.so
7fc03dc46000-7fc03dc47000 rw-p 000f9000 08:02 2264                       /lib64/libm-2.16.so
7fc03dc47000-7fc03e7a9000 r-xp 00000000 08:07 219027                     /usr/opt/oracle-jdk-bin-1.7.0.45/jre/lib/amd64/server/libjvm.so
7fc03e7a9000-7fc03e9a9000 ---p 00b62000 08:07 219027                     /usr/opt/oracle-jdk-bin-1.7.0.45/jre/lib/amd64/server/libjvm.so
7fc03e9a9000-7fc03ea6c000 rw-p 00b62000 08:07 219027                     /usr/opt/oracle-jdk-bin-1.7.0.45/jre/lib/amd64/server/libjvm.so
7fc03ea6c000-7fc03eaad000 rw-p 00000000 00:00 0 
7fc03eaad000-7fc03ec4b000 r-xp 00000000 08:02 2320                       /lib64/libc-2.16.so
7fc03ec4b000-7fc03ee4a000 ---p 0019e000 08:02 2320                       /lib64/libc-2.16.so
7fc03ee4a000-7fc03ee4e000 r--p 0019d000 08:02 2320                       /lib64/libc-2.16.so
7fc03ee4e000-7fc03ee50000 rw-p 001a1000 08:02 2320                       /lib64/libc-2.16.so
7fc03ee50000-7fc03ee54000 rw-p 00000000 00:00 0 
7fc03ee54000-7fc03ee57000 r-xp 00000000 08:02 2308                       /lib64/libdl-2.16.so
7fc03ee57000-7fc03f056000 ---p 00003000 08:02 2308                       /lib64/libdl-2.16.so
7fc03f056000-7fc03f057000 r--p 00002000 08:02 2308                       /lib64/libdl-2.16.so
7fc03f057000-7fc03f058000 rw-p 00003000 08:02 2308                       /lib64/libdl-2.16.so
7fc03f058000-7fc03f06e000 r-xp 00000000 08:07 246610                     /usr/opt/oracle-jdk-bin-1.7.0.45/lib/amd64/jli/libjli.so
7fc03f06e000-7fc03f26e000 ---p 00016000 08:07 246610                     /usr/opt/oracle-jdk-bin-1.7.0.45/lib/amd64/jli/libjli.so
7fc03f26e000-7fc03f26f000 rw-p 00016000 08:07 246610                     /usr/opt/oracle-jdk-bin-1.7.0.45/lib/amd64/jli/libjli.so
7fc03f26f000-7fc03f287000 r-xp 00000000 08:02 2315                       /lib64/libpthread-2.16.so
7fc03f287000-7fc03f486000 ---p 00018000 08:02 2315                       /lib64/libpthread-2.16.so
7fc03f486000-7fc03f487000 r--p 00017000 08:02 2315                       /lib64/libpthread-2.16.so
7fc03f487000-7fc03f488000 rw-p 00018000 08:02 2315                       /lib64/libpthread-2.16.so
7fc03f488000-7fc03f48c000 rw-p 00000000 00:00 0 
7fc03f48c000-7fc03f4ae000 r-xp 00000000 08:02 2324                       /lib64/ld-2.16.so
7fc03f528000-7fc03f533000 rw-p 00000000 00:00 0 
7fc03f533000-7fc03f551000 rw-p 00000000 00:00 0 
7fc03f551000-7fc03f586000 r--s 00000000 08:05 34152                      /var/run/nscd/dblieGEg (deleted)
7fc03f586000-7fc03f589000 ---p 00000000 00:00 0 
7fc03f589000-7fc03f68b000 rw-p 00000000 00:00 0                          [stack:4665]
7fc03f699000-7fc03f69b000 rw-p 00000000 00:00 0 
7fc03f69b000-7fc03f6a3000 rw-s 00000000 00:0f 10305158                   /tmp/hsperfdata_zsoehren/4664
7fc03f6a3000-7fc03f6aa000 r--s 00000000 08:07 447633                     /usr/lib64/gconv/gconv-modules.cache
7fc03f6aa000-7fc03f6ab000 rw-p 00000000 00:00 0 
7fc03f6ab000-7fc03f6ac000 r--p 00000000 00:00 0 
7fc03f6ac000-7fc03f6ad000 rw-p 00000000 00:00 0 
7fc03f6ad000-7fc03f6ae000 r--p 00021000 08:02 2324                       /lib64/ld-2.16.so
7fc03f6ae000-7fc03f6af000 rw-p 00022000 08:02 2324                       /lib64/ld-2.16.so
7fc03f6af000-7fc03f6b0000 rw-p 00000000 00:00 0 
7fff90979000-7fff9099a000 rw-p 00000000 00:00 0                          [stack]
7fff909ff000-7fff90a00000 r-xp 00000000 00:00 0                          [vdso]
ffffffffff600000-ffffffffff601000 r-xp 00000000 00:00 0                  [vsyscall]

VM Arguments:
jvm_args: -ea -Xrunjdwp:transport=dt_socket,server=y,suspend=n,address=41667 -Xdebug -Xnoagent -Djava.compiler=NONE -Ddrjava.debug.port=41667 -Dedu.rice.cs.cunit.concJUnit.check.join.enabled=false -Dedu.rice.cs.cunit.concJUnit.check.lucky.enabled=false -Dedu.rice.cs.cunit.concJUnit.check.threads.enabled=false -Djava.rmi.server.hostname=127.0.0.1 
java_command: edu.rice.cs.plt.concurrent.ProcessTaskController$Runner
Launcher Type: SUN_STANDARD

Environment Variables:
PATH=/bin:/sbin:/usr/bin:/usr/sbin
USERNAME=zsoehren
SHELL=/usr/local/bin/bash
DISPLAY=:0.0

Signal Handlers:
SIGSEGV: [libjvm.so+0x9935b0], sa_mask[0]=0x7ffbfeff, sa_flags=0x10000004
SIGBUS: [libjvm.so+0x9935b0], sa_mask[0]=0x7ffbfeff, sa_flags=0x10000004
SIGFPE: [libjvm.so+0x810330], sa_mask[0]=0x7ffbfeff, sa_flags=0x10000004
SIGPIPE: [libjvm.so+0x810330], sa_mask[0]=0x7ffbfeff, sa_flags=0x10000004
SIGXFSZ: [libjvm.so+0x810330], sa_mask[0]=0x7ffbfeff, sa_flags=0x10000004
SIGILL: [libjvm.so+0x810330], sa_mask[0]=0x7ffbfeff, sa_flags=0x10000004
SIGUSR1: SIG_DFL, sa_mask[0]=0x00000000, sa_flags=0x00000000
SIGUSR2: [libjvm.so+0x811820], sa_mask[0]=0x00000004, sa_flags=0x10000004
SIGHUP: SIG_DFL, sa_mask[0]=0x00000000, sa_flags=0x00000000
SIGINT: SIG_DFL, sa_mask[0]=0x00000000, sa_flags=0x00000000
SIGTERM: SIG_DFL, sa_mask[0]=0x00000000, sa_flags=0x00000000
SIGQUIT: SIG_DFL, sa_mask[0]=0x00000000, sa_flags=0x00000000


---------------  S Y S T E M  ---------------

OS:Gentoo Base System release 2.2

uname:Linux 3.12.6 #1 SMP Sat Jan 4 14:54:09 EST 2014 x86_64
libc:glibc 2.16 NPTL 2.16 
rlimit: STACK 8192k, CORE 0k, NPROC 256, NOFILE 4096, AS infinity
load average:0.22 0.06 0.06

/proc/meminfo:
MemTotal:        8129712 kB
MemFree:         6157180 kB
Buffers:           76948 kB
Cached:           850900 kB
SwapCached:            0 kB
Active:          1499312 kB
Inactive:         328436 kB
Active(anon):     903320 kB
Inactive(anon):    29364 kB
Active(file):     595992 kB
Inactive(file):   299072 kB
Unevictable:           0 kB
Mlocked:               0 kB
SwapTotal:      16787920 kB
SwapFree:       16787920 kB
Dirty:                60 kB
Writeback:             0 kB
AnonPages:        899028 kB
Mapped:            72684 kB
Shmem:             33380 kB
Slab:             102560 kB
SReclaimable:      77920 kB
SUnreclaim:        24640 kB
KernelStack:        3104 kB
PageTables:        12080 kB
NFS_Unstable:          0 kB
Bounce:                0 kB
WritebackTmp:          0 kB
CommitLimit:    20852776 kB
Committed_AS:    2864152 kB
VmallocTotal:   34359738367 kB
VmallocUsed:       91692 kB
VmallocChunk:   34359519536 kB
DirectMap4k:       13776 kB
DirectMap2M:     8331264 kB


CPU:total 8 (4 cores per cpu, 2 threads per core) family 6 model 42 stepping 7, cmov, cx8, fxsr, mmx, sse, sse2, sse3, ssse3, sse4.1, sse4.2, popcnt, avx, aes, ht, tsc, tscinvbit

/proc/cpuinfo:
processor	: 0
vendor_id	: GenuineIntel
cpu family	: 6
model		: 42
model name	: Intel(R) Core(TM) i7-2600 CPU @ 3.40GHz
stepping	: 7
microcode	: 0x25
cpu MHz		: 3408.101
cache size	: 8192 KB
physical id	: 0
siblings	: 8
core id		: 0
cpu cores	: 4
apicid		: 0
initial apicid	: 0
fpu		: yes
fpu_exception	: yes
cpuid level	: 13
wp		: yes
flags		: fpu vme de pse tsc msr pae mce cx8 apic sep mtrr pge mca cmov pat pse36 clflush dts acpi mmx fxsr sse sse2 ss ht tm pbe syscall nx rdtscp lm constant_tsc arch_perfmon pebs bts rep_good nopl xtopology nonstop_tsc aperfmperf eagerfpu pni pclmulqdq dtes64 monitor ds_cpl vmx smx est tm2 ssse3 cx16 xtpr pdcm pcid sse4_1 sse4_2 x2apic popcnt tsc_deadline_timer aes xsave avx lahf_lm ida arat epb xsaveopt pln pts dtherm tpr_shadow vnmi flexpriority ept vpid
bogomips	: 6784.45
clflush size	: 64
cache_alignment	: 64
address sizes	: 36 bits physical, 48 bits virtual
power management:

processor	: 1
vendor_id	: GenuineIntel
cpu family	: 6
model		: 42
model name	: Intel(R) Core(TM) i7-2600 CPU @ 3.40GHz
stepping	: 7
microcode	: 0x25
cpu MHz		: 3604.132
cache size	: 8192 KB
physical id	: 0
siblings	: 8
core id		: 1
cpu cores	: 4
apicid		: 2
initial apicid	: 2
fpu		: yes
fpu_exception	: yes
cpuid level	: 13
wp		: yes
flags		: fpu vme de pse tsc msr pae mce cx8 apic sep mtrr pge mca cmov pat pse36 clflush dts acpi mmx fxsr sse sse2 ss ht tm pbe syscall nx rdtscp lm constant_tsc arch_perfmon pebs bts rep_good nopl xtopology nonstop_tsc aperfmperf eagerfpu pni pclmulqdq dtes64 monitor ds_cpl vmx smx est tm2 ssse3 cx16 xtpr pdcm pcid sse4_1 sse4_2 x2apic popcnt tsc_deadline_timer aes xsave avx lahf_lm ida arat epb xsaveopt pln pts dtherm tpr_shadow vnmi flexpriority ept vpid
bogomips	: 6784.45
clflush size	: 64
cache_alignment	: 64
address sizes	: 36 bits physical, 48 bits virtual
power management:

processor	: 2
vendor_id	: GenuineIntel
cpu family	: 6
model		: 42
model name	: Intel(R) Core(TM) i7-2600 CPU @ 3.40GHz
stepping	: 7
microcode	: 0x25
cpu MHz		: 3571.992
cache size	: 8192 KB
physical id	: 0
siblings	: 8
core id		: 2
cpu cores	: 4
apicid		: 4
initial apicid	: 4
fpu		: yes
fpu_exception	: yes
cpuid level	: 13
wp		: yes
flags		: fpu vme de pse tsc msr pae mce cx8 apic sep mtrr pge mca cmov pat pse36 clflush dts acpi mmx fxsr sse sse2 ss ht tm pbe syscall nx rdtscp lm constant_tsc arch_perfmon pebs bts rep_good nopl xtopology nonstop_tsc aperfmperf eagerfpu pni pclmulqdq dtes64 monitor ds_cpl vmx smx est tm2 ssse3 cx16 xtpr pdcm pcid sse4_1 sse4_2 x2apic popcnt tsc_deadline_timer aes xsave avx lahf_lm ida arat epb xsaveopt pln pts dtherm tpr_shadow vnmi flexpriority ept vpid
bogomips	: 6784.45
clflush size	: 64
cache_alignment	: 64
address sizes	: 36 bits physical, 48 bits virtual
power management:

processor	: 3
vendor_id	: GenuineIntel
cpu family	: 6
model		: 42
model name	: Intel(R) Core(TM) i7-2600 CPU @ 3.40GHz
stepping	: 7
microcode	: 0x25
cpu MHz		: 3640.921
cache size	: 8192 KB
physical id	: 0
siblings	: 8
core id		: 3
cpu cores	: 4
apicid		: 6
initial apicid	: 6
fpu		: yes
fpu_exception	: yes
cpuid level	: 13
wp		: yes
flags		: fpu vme de pse tsc msr pae mce cx8 apic sep mtrr pge mca cmov pat pse36 clflush dts acpi mmx fxsr sse sse2 ss ht tm pbe syscall nx rdtscp lm constant_tsc arch_perfmon pebs bts rep_good nopl xtopology nonstop_tsc aperfmperf eagerfpu pni pclmulqdq dtes64 monitor ds_cpl vmx smx est tm2 ssse3 cx16 xtpr pdcm pcid sse4_1 sse4_2 x2apic popcnt tsc_deadline_timer aes xsave avx lahf_lm ida arat epb xsaveopt pln pts dtherm tpr_shadow vnmi flexpriority ept vpid
bogomips	: 6784.45
clflush size	: 64
cache_alignment	: 64
address sizes	: 36 bits physical, 48 bits virtual
power management:

processor	: 4
vendor_id	: GenuineIntel
cpu family	: 6
model		: 42
model name	: Intel(R) Core(TM) i7-2600 CPU @ 3.40GHz
stepping	: 7
microcode	: 0x25
cpu MHz		: 3630.164
cache size	: 8192 KB
physical id	: 0
siblings	: 8
core id		: 0
cpu cores	: 4
apicid		: 1
initial apicid	: 1
fpu		: yes
fpu_exception	: yes
cpuid level	: 13
wp		: yes
flags		: fpu vme de pse tsc msr pae mce cx8 apic sep mtrr pge mca cmov pat pse36 clflush dts acpi mmx fxsr sse sse2 ss ht tm pbe syscall nx rdtscp lm constant_tsc arch_perfmon pebs bts rep_good nopl xtopology nonstop_tsc aperfmperf eagerfpu pni pclmulqdq dtes64 monitor ds_cpl vmx smx est tm2 ssse3 cx16 xtpr pdcm pcid sse4_1 sse4_2 x2apic popcnt tsc_deadline_timer aes xsave avx lahf_lm ida arat epb xsaveopt pln pts dtherm tpr_shadow vnmi flexpriority ept vpid
bogomips	: 6784.45
clflush size	: 64
cache_alignment	: 64
address sizes	: 36 bits physical, 48 bits virtual
power management:

processor	: 5
vendor_id	: GenuineIntel
cpu family	: 6
model		: 42
model name	: Intel(R) Core(TM) i7-2600 CPU @ 3.40GHz
stepping	: 7
microcode	: 0x25
cpu MHz		: 3598.687
cache size	: 8192 KB
physical id	: 0
siblings	: 8
core id		: 1
cpu cores	: 4
apicid		: 3
initial apicid	: 3
fpu		: yes
fpu_exception	: yes
cpuid level	: 13
wp		: yes
flags		: fpu vme de pse tsc msr pae mce cx8 apic sep mtrr pge mca cmov pat pse36 clflush dts acpi mmx fxsr sse sse2 ss ht tm pbe syscall nx rdtscp lm constant_tsc arch_perfmon pebs bts rep_good nopl xtopology nonstop_tsc aperfmperf eagerfpu pni pclmulqdq dtes64 monitor ds_cpl vmx smx est tm2 ssse3 cx16 xtpr pdcm pcid sse4_1 sse4_2 x2apic popcnt tsc_deadline_timer aes xsave avx lahf_lm ida arat epb xsaveopt pln pts dtherm tpr_shadow vnmi flexpriority ept vpid
bogomips	: 6784.45
clflush size	: 64
cache_alignment	: 64
address sizes	: 36 bits physical, 48 bits virtual
power management:

processor	: 6
vendor_id	: GenuineIntel
cpu family	: 6
model		: 42
model name	: Intel(R) Core(TM) i7-2600 CPU @ 3.40GHz
stepping	: 7
microcode	: 0x25
cpu MHz		: 3604.664
cache size	: 8192 KB
physical id	: 0
siblings	: 8
core id		: 2
cpu cores	: 4
apicid		: 5
initial apicid	: 5
fpu		: yes
fpu_exception	: yes
cpuid level	: 13
wp		: yes
flags		: fpu vme de pse tsc msr pae mce cx8 apic sep mtrr pge mca cmov pat pse36 clflush dts acpi mmx fxsr sse sse2 ss ht tm pbe syscall nx rdtscp lm constant_tsc arch_perfmon pebs bts rep_good nopl xtopology nonstop_tsc aperfmperf eagerfpu pni pclmulqdq dtes64 monitor ds_cpl vmx smx est tm2 ssse3 cx16 xtpr pdcm pcid sse4_1 sse4_2 x2apic popcnt tsc_deadline_timer aes xsave avx lahf_lm ida arat epb xsaveopt pln pts dtherm tpr_shadow vnmi flexpriority ept vpid
bogomips	: 6784.45
clflush size	: 64
cache_alignment	: 64
address sizes	: 36 bits physical, 48 bits virtual
power management:

processor	: 7
vendor_id	: GenuineIntel
cpu family	: 6
model		: 42
model name	: Intel(R) Core(TM) i7-2600 CPU @ 3.40GHz
stepping	: 7
microcode	: 0x25
cpu MHz		: 3514.882
cache size	: 8192 KB
physical id	: 0
siblings	: 8
core id		: 3
cpu cores	: 4
apicid		: 7
initial apicid	: 7
fpu		: yes
fpu_exception	: yes
cpuid level	: 13
wp		: yes
flags		: fpu vme de pse tsc msr pae mce cx8 apic sep mtrr pge mca cmov pat pse36 clflush dts acpi mmx fxsr sse sse2 ss ht tm pbe syscall nx rdtscp lm constant_tsc arch_perfmon pebs bts rep_good nopl xtopology nonstop_tsc aperfmperf eagerfpu pni pclmulqdq dtes64 monitor ds_cpl vmx smx est tm2 ssse3 cx16 xtpr pdcm pcid sse4_1 sse4_2 x2apic popcnt tsc_deadline_timer aes xsave avx lahf_lm ida arat epb xsaveopt pln pts dtherm tpr_shadow vnmi flexpriority ept vpid
bogomips	: 6784.45
clflush size	: 64
cache_alignment	: 64
address sizes	: 36 bits physical, 48 bits virtual
power management:



Memory: 4k page, physical 8129712k(6157180k free), swap 16787920k(16787920k free)

vm_info: Java HotSpot(TM) 64-Bit Server VM (24.45-b08) for linux-amd64 JRE (1.7.0_45-b18), built on Oct  8 2013 05:44:25 by "java_re" with gcc 4.3.0 20080428 (Red Hat 4.3.0-8)

time: Thu Apr 24 18:14:02 2014
elapsed time: 0 seconds

