#
# A fatal error has been detected by the Java Runtime Environment:
#
#  SIGSEGV (0xb) at pc=0x0000000000000000, pid=24085, tid=140495560926976
#
# JRE version:  (7.0_45-b18) (build )
# Java VM: Java HotSpot(TM) 64-Bit Server VM (24.45-b08 mixed mode linux-amd64 compressed oops)
# Problematic frame:
# C  0x0000000000000000
#
# Failed to write core dump. Core dumps have been disabled. To enable core dumping, try "ulimit -c unlimited" before starting Java again
#
# If you would like to submit a bug report, please visit:
#   http://bugreport.sun.com/bugreport/crash.jsp
#

---------------  T H R E A D  ---------------

Current thread (0x00007fc7a4013800):  JavaThread "main" [_thread_in_Java, id=24086, stack(0x00007fc7abf06000,0x00007fc7ac007000)]

siginfo:si_signo=SIGSEGV: si_errno=0, si_code=1 (SEGV_MAPERR), si_addr=0x0000000000000000

Registers:
RAX=0x0000000000000000, RBX=0x00000000bda14810, RCX=0x00000000eb900da0, RDX=0x0000000000500001
RSP=0x00007fc7ac004970, RBP=0x00007fc7ac0049c0, RSI=0x0000000000000001, RDI=0x0000000000000000
R8 =0x0000000000000006, R9 =0x0000000000005300, R10=0x00007fc7ab405c20, R11=0x00007fc7aa8e0cf0
R12=0x0000000000000000, R13=0x00007fc7ac004978, R14=0x00007fc7ac0049c8, R15=0x00007fc7a4013800
RIP=0x0000000000000000, EFLAGS=0x0000000000010246, CSGSFS=0x0000000000000033, ERR=0x0000000000000014
  TRAPNO=0x000000000000000e

Top of Stack: (sp=0x00007fc7ac004970)
0x00007fc7ac004970:   00007fc7a10063d0 00000000eb900da0
0x00007fc7ac004980:   00007fc7ac004980 00000000bda23333
0x00007fc7ac004990:   00007fc7ac0049c8 00000000bdaa6298
0x00007fc7ac0049a0:   0000000000000000 00000000bda23370
0x00007fc7ac0049b0:   00007fc7ac004978 00007fc7ac0049d0
0x00007fc7ac0049c0:   00007fc7ac004a30 00007fc7a10004e7
0x00007fc7ac0049d0:   00007fff00001fa0 00007fc7ac004bd0
0x00007fc7ac0049e0:   00007fc7ac004ab0 00007fc7ac004b50
0x00007fc7ac0049f0:   00007fc7a4013800 00007fc7a40144a8
0x00007fc7ac004a00:   00007fc7ac004a70 00007fc7ac004bd8
0x00007fc7ac004a10:   00007fc70000000a 00000000bda23370
0x00007fc7ac004a20:   00007fc7a1015240 00007fc7ac004b58
0x00007fc7ac004a30:   00007fc7ac004b20 00007fc7aabc0485
0x00007fc7ac004a40:   00007fc700000000 00007fc7a4013800
0x00007fc7ac004a50:   00007fc7a40143f8 00007fc7ac004a70
0x00007fc7ac004a60:   00007fc7a1015240 000000000000000a
0x00007fc7ac004a70:   00007fc7a4013800 00007fc7a40747e0
0x00007fc7ac004a80:   00000000bda23370 0000000000000000
0x00007fc7ac004a90:   00007fc7ac005460 00007fc7a101852d
0x00007fc7ac004aa0:   00007fc7ac0054b0 00007fc7ac004bd0
0x00007fc7ac004ab0:   00007fc7a4013800 00007fc7a4012f60
0x00007fc7ac004ac0:   00007fc7a40142f0 00007fc7a40144b0
0x00007fc7ac004ad0:   00007fc7a40146d8 00000000000003d8
0x00007fc7ac004ae0:   00007fc7ac004cf0 00007fc7a8baaed0
0x00007fc7ac004af0:   00007fc7a8ba94a0 00000000bda23370
0x00007fc7ac004b00:   00007fc7a4013800 00007fc7ac004c80
0x00007fc7ac004b10:   00000000bda02bb0 00007fc7ac004c00
0x00007fc7ac004b20:   00007fc7ac004b40 00007fc7aabbeee8
0x00007fc7ac004b30:   00000000bda23370 00007fc7a40144a8
0x00007fc7ac004b40:   00007fc7ac004bf0 00007fc7aab80eca
0x00007fc7ac004b50:   00007fc7a4012f00 00007fc7ac004b90
0x00007fc7ac004b60:   00007fff219ffa25 0000000000000000 

Instructions: (pc=0x0000000000000000)
0xffffffffffffffe0:   

Register to memory mapping:

RAX=0x0000000000000000 is an unknown value
RBX=0x00000000bda14810 is an oop
{method} 
 - klass: {other class}
RCX=0x00000000eb900da0 is an oop
java.lang.Class 
 - klass: 'java/lang/Class'
RDX=0x0000000000500001 is an unknown value
RSP=0x00007fc7ac004970 is pointing into the stack for thread: 0x00007fc7a4013800
RBP=0x00007fc7ac0049c0 is pointing into the stack for thread: 0x00007fc7a4013800
RSI=0x0000000000000001 is an unknown value
RDI=0x0000000000000000 is an unknown value
R8 =0x0000000000000006 is an unknown value
R9 =0x0000000000005300 is an unknown value
R10=0x00007fc7ab405c20: <offset 0xe3dc20> in /usr/opt/oracle-jdk-bin-1.7.0.45/jre/lib/amd64/server/libjvm.so at 0x00007fc7aa5c8000
R11=0x00007fc7aa8e0cf0: <offset 0x318cf0> in /usr/opt/oracle-jdk-bin-1.7.0.45/jre/lib/amd64/server/libjvm.so at 0x00007fc7aa5c8000
R12=0x0000000000000000 is an unknown value
R13=0x00007fc7ac004978 is pointing into the stack for thread: 0x00007fc7a4013800
R14=0x00007fc7ac0049c8 is pointing into the stack for thread: 0x00007fc7a4013800
R15=0x00007fc7a4013800 is a thread


Stack: [0x00007fc7abf06000,0x00007fc7ac007000],  sp=0x00007fc7ac004970,  free space=1018k

---------------  P R O C E S S  ---------------

Java Threads: ( => current thread )
=>0x00007fc7a4013800 JavaThread "main" [_thread_in_Java, id=24086, stack(0x00007fc7abf06000,0x00007fc7ac007000)]

Other Threads:
  0x00007fc7a4073000 VMThread [stack: 0x00007fc7a07f8000,0x00007fc7a08f9000] [id=24091]

VM state:not at safepoint (normal execution)

VM Mutex/Monitor currently owned by a thread: None

Heap
 PSYoungGen      total 18432K, used 317K [0x00000000eb900000, 0x00000000ecd80000, 0x0000000100000000)
  eden space 15872K, 2% used [0x00000000eb900000,0x00000000eb94f630,0x00000000ec880000)
  from space 2560K, 0% used [0x00000000ecb00000,0x00000000ecb00000,0x00000000ecd80000)
  to   space 2560K, 0% used [0x00000000ec880000,0x00000000ec880000,0x00000000ecb00000)
 ParOldGen       total 41472K, used 0K [0x00000000c2c00000, 0x00000000c5480000, 0x00000000eb900000)
  object space 41472K, 0% used [0x00000000c2c00000,0x00000000c2c00000,0x00000000c5480000)
 PSPermGen       total 21504K, used 800K [0x00000000bda00000, 0x00000000bef00000, 0x00000000c2c00000)
  object space 21504K, 3% used [0x00000000bda00000,0x00000000bdac8140,0x00000000bef00000)

Card table byte_map: [0x00007fc7a9360000,0x00007fc7a9574000] byte_map_base: 0x00007fc7a8d73000

Polling page: 0x00007fc7ac02c000

Code Cache  [0x00007fc7a1000000, 0x00007fc7a1270000, 0x00007fc7a4000000)
 total_blobs=60 nmethods=0 adapters=38 free_code_cache=48825Kb largest_free_block=49997376

Compilation events (0 events):
No events

GC Heap History (0 events):
No events

Deoptimization events (0 events):
No events

Internal exceptions (0 events):
No events

Events (10 events):
Event: 0.018 loading class 0x00007fc7a8ba7900 done
Event: 0.018 loading class 0x00007fc7a8ba78e0 done
Event: 0.019 loading class 0x00007fc7a8bb3df0
Event: 0.019 loading class 0x00007fc7a8bb3df0 done
Event: 0.019 loading class 0x00007fc7a8bb0a70
Event: 0.019 loading class 0x00007fc7a8bb0a70 done
Event: 0.019 loading class 0x00007fc7a8bb8760
Event: 0.019 loading class 0x00007fc7a8bb8760 done
Event: 0.019 loading class 0x00007fc7a8bb8790
Event: 0.019 loading class 0x00007fc7a8bb8790 done


Dynamic libraries:
00400000-00401000 r-xp 00000000 08:07 82235                              /usr/opt/oracle-jdk-bin-1.7.0.45/bin/java
00600000-00601000 rw-p 00000000 08:07 82235                              /usr/opt/oracle-jdk-bin-1.7.0.45/bin/java
01cc4000-01ce5000 rw-p 00000000 00:00 0                                  [heap]
bda00000-bef00000 rw-p 00000000 00:00 0 
bef00000-c2c00000 rw-p 00000000 00:00 0 
c2c00000-c5480000 rw-p 00000000 00:00 0 
c5480000-eb900000 rw-p 00000000 00:00 0 
eb900000-ecd80000 rw-p 00000000 00:00 0 
ecd80000-100000000 rw-p 00000000 00:00 0 
7fc784000000-7fc784021000 rw-p 00000000 00:00 0 
7fc784021000-7fc788000000 ---p 00000000 00:00 0 
7fc788000000-7fc788021000 rw-p 00000000 00:00 0 
7fc788021000-7fc78c000000 ---p 00000000 00:00 0 
7fc78c000000-7fc78c021000 rw-p 00000000 00:00 0 
7fc78c021000-7fc790000000 ---p 00000000 00:00 0 
7fc794000000-7fc794021000 rw-p 00000000 00:00 0 
7fc794021000-7fc798000000 ---p 00000000 00:00 0 
7fc799ed0000-7fc79c000000 rw-p 00000000 00:00 0 
7fc79c000000-7fc79c021000 rw-p 00000000 00:00 0 
7fc79c021000-7fc7a0000000 ---p 00000000 00:00 0 
7fc7a06f7000-7fc7a07f8000 rw-p 00000000 00:00 0 
7fc7a07f8000-7fc7a07f9000 ---p 00000000 00:00 0 
7fc7a07f9000-7fc7a1000000 rw-p 00000000 00:00 0                          [stack:24091]
7fc7a1000000-7fc7a1270000 rwxp 00000000 00:00 0 
7fc7a1270000-7fc7a4078000 rw-p 00000000 00:00 0 
7fc7a4078000-7fc7a8000000 ---p 00000000 00:00 0 
7fc7a809e000-7fc7a8975000 rw-p 00000000 00:00 0 
7fc7a8975000-7fc7a8b31000 r--s 039b2000 08:07 138891                     /usr/opt/oracle-jdk-bin-1.7.0.45/jre/lib/rt.jar
7fc7a8b31000-7fc7a8e15000 rw-p 00000000 00:00 0 
7fc7a8e15000-7fc7a8e16000 ---p 00000000 00:00 0 
7fc7a8e16000-7fc7a8f16000 rw-p 00000000 00:00 0                          [stack:24090]
7fc7a8f16000-7fc7a8f17000 ---p 00000000 00:00 0 
7fc7a8f17000-7fc7a9017000 rw-p 00000000 00:00 0                          [stack:24089]
7fc7a9017000-7fc7a9018000 ---p 00000000 00:00 0 
7fc7a9018000-7fc7a9118000 rw-p 00000000 00:00 0                          [stack:24088]
7fc7a9118000-7fc7a9119000 ---p 00000000 00:00 0 
7fc7a9119000-7fc7a922e000 rw-p 00000000 00:00 0                          [stack:24087]
7fc7a922e000-7fc7a9360000 rw-p 00000000 00:00 0 
7fc7a9360000-7fc7a936b000 rw-p 00000000 00:00 0 
7fc7a936b000-7fc7a9389000 rw-p 00000000 00:00 0 
7fc7a9389000-7fc7a939e000 rw-p 00000000 00:00 0 
7fc7a939e000-7fc7a94cf000 rw-p 00000000 00:00 0 
7fc7a94cf000-7fc7a94da000 rw-p 00000000 00:00 0 
7fc7a94da000-7fc7a9573000 rw-p 00000000 00:00 0 
7fc7a9573000-7fc7a957e000 rw-p 00000000 00:00 0 
7fc7a957e000-7fc7a9634000 rw-p 00000000 00:00 0 
7fc7a9634000-7fc7a964e000 r-xp 00000000 08:07 138251                     /usr/opt/oracle-jdk-bin-1.7.0.45/jre/lib/amd64/libzip.so
7fc7a964e000-7fc7a984e000 ---p 0001a000 08:07 138251                     /usr/opt/oracle-jdk-bin-1.7.0.45/jre/lib/amd64/libzip.so
7fc7a984e000-7fc7a984f000 rw-p 0001a000 08:07 138251                     /usr/opt/oracle-jdk-bin-1.7.0.45/jre/lib/amd64/libzip.so
7fc7a984f000-7fc7a9852000 r-xp 00000000 08:07 138244                     /usr/opt/oracle-jdk-bin-1.7.0.45/jre/lib/amd64/libnpt.so
7fc7a9852000-7fc7a9a51000 ---p 00003000 08:07 138244                     /usr/opt/oracle-jdk-bin-1.7.0.45/jre/lib/amd64/libnpt.so
7fc7a9a51000-7fc7a9a52000 rw-p 00002000 08:07 138244                     /usr/opt/oracle-jdk-bin-1.7.0.45/jre/lib/amd64/libnpt.so
7fc7a9a52000-7fc7a9a8b000 r-xp 00000000 08:07 138225                     /usr/opt/oracle-jdk-bin-1.7.0.45/jre/lib/amd64/libjdwp.so
7fc7a9a8b000-7fc7a9c8b000 ---p 00039000 08:07 138225                     /usr/opt/oracle-jdk-bin-1.7.0.45/jre/lib/amd64/libjdwp.so
7fc7a9c8b000-7fc7a9c8c000 rw-p 00039000 08:07 138225                     /usr/opt/oracle-jdk-bin-1.7.0.45/jre/lib/amd64/libjdwp.so
7fc7a9c8c000-7fc7a9c8d000 rw-p 00000000 00:00 0 
7fc7a9c8d000-7fc7a9cb6000 r-xp 00000000 08:07 138232                     /usr/opt/oracle-jdk-bin-1.7.0.45/jre/lib/amd64/libjava.so
7fc7a9cb6000-7fc7a9eb6000 ---p 00029000 08:07 138232                     /usr/opt/oracle-jdk-bin-1.7.0.45/jre/lib/amd64/libjava.so
7fc7a9eb6000-7fc7a9eb8000 rw-p 00029000 08:07 138232                     /usr/opt/oracle-jdk-bin-1.7.0.45/jre/lib/amd64/libjava.so
7fc7a9eb8000-7fc7a9ec5000 r-xp 00000000 08:07 138246                     /usr/opt/oracle-jdk-bin-1.7.0.45/jre/lib/amd64/libverify.so
7fc7a9ec5000-7fc7aa0c4000 ---p 0000d000 08:07 138246                     /usr/opt/oracle-jdk-bin-1.7.0.45/jre/lib/amd64/libverify.so
7fc7aa0c4000-7fc7aa0c6000 rw-p 0000c000 08:07 138246                     /usr/opt/oracle-jdk-bin-1.7.0.45/jre/lib/amd64/libverify.so
7fc7aa0c6000-7fc7aa0cd000 r-xp 00000000 08:02 6195                       /lib64/librt-2.16.so
7fc7aa0cd000-7fc7aa2cc000 ---p 00007000 08:02 6195                       /lib64/librt-2.16.so
7fc7aa2cc000-7fc7aa2cd000 r--p 00006000 08:02 6195                       /lib64/librt-2.16.so
7fc7aa2cd000-7fc7aa2ce000 rw-p 00007000 08:02 6195                       /lib64/librt-2.16.so
7fc7aa2ce000-7fc7aa3c6000 r-xp 00000000 08:02 6165                       /lib64/libm-2.16.so
7fc7aa3c6000-7fc7aa5c6000 ---p 000f8000 08:02 6165                       /lib64/libm-2.16.so
7fc7aa5c6000-7fc7aa5c7000 r--p 000f8000 08:02 6165                       /lib64/libm-2.16.so
7fc7aa5c7000-7fc7aa5c8000 rw-p 000f9000 08:02 6165                       /lib64/libm-2.16.so
7fc7aa5c8000-7fc7ab12a000 r-xp 00000000 08:07 138213                     /usr/opt/oracle-jdk-bin-1.7.0.45/jre/lib/amd64/server/libjvm.so
7fc7ab12a000-7fc7ab32a000 ---p 00b62000 08:07 138213                     /usr/opt/oracle-jdk-bin-1.7.0.45/jre/lib/amd64/server/libjvm.so
7fc7ab32a000-7fc7ab3ed000 rw-p 00b62000 08:07 138213                     /usr/opt/oracle-jdk-bin-1.7.0.45/jre/lib/amd64/server/libjvm.so
7fc7ab3ed000-7fc7ab42e000 rw-p 00000000 00:00 0 
7fc7ab42e000-7fc7ab5cc000 r-xp 00000000 08:02 6125                       /lib64/libc-2.16.so
7fc7ab5cc000-7fc7ab7cb000 ---p 0019e000 08:02 6125                       /lib64/libc-2.16.so
7fc7ab7cb000-7fc7ab7cf000 r--p 0019d000 08:02 6125                       /lib64/libc-2.16.so
7fc7ab7cf000-7fc7ab7d1000 rw-p 001a1000 08:02 6125                       /lib64/libc-2.16.so
7fc7ab7d1000-7fc7ab7d5000 rw-p 00000000 00:00 0 
7fc7ab7d5000-7fc7ab7d8000 r-xp 00000000 08:02 6321                       /lib64/libdl-2.16.so
7fc7ab7d8000-7fc7ab9d7000 ---p 00003000 08:02 6321                       /lib64/libdl-2.16.so
7fc7ab9d7000-7fc7ab9d8000 r--p 00002000 08:02 6321                       /lib64/libdl-2.16.so
7fc7ab9d8000-7fc7ab9d9000 rw-p 00003000 08:02 6321                       /lib64/libdl-2.16.so
7fc7ab9d9000-7fc7ab9ef000 r-xp 00000000 08:07 107909                     /usr/opt/oracle-jdk-bin-1.7.0.45/lib/amd64/jli/libjli.so
7fc7ab9ef000-7fc7abbef000 ---p 00016000 08:07 107909                     /usr/opt/oracle-jdk-bin-1.7.0.45/lib/amd64/jli/libjli.so
7fc7abbef000-7fc7abbf0000 rw-p 00016000 08:07 107909                     /usr/opt/oracle-jdk-bin-1.7.0.45/lib/amd64/jli/libjli.so
7fc7abbf0000-7fc7abc08000 r-xp 00000000 08:02 6330                       /lib64/libpthread-2.16.so
7fc7abc08000-7fc7abe07000 ---p 00018000 08:02 6330                       /lib64/libpthread-2.16.so
7fc7abe07000-7fc7abe08000 r--p 00017000 08:02 6330                       /lib64/libpthread-2.16.so
7fc7abe08000-7fc7abe09000 rw-p 00018000 08:02 6330                       /lib64/libpthread-2.16.so
7fc7abe09000-7fc7abe0d000 rw-p 00000000 00:00 0 
7fc7abe0d000-7fc7abe2f000 r-xp 00000000 08:02 6314                       /lib64/ld-2.16.so
7fc7abe4a000-7fc7abeb3000 rw-p 00000000 00:00 0 
7fc7abeb3000-7fc7abed1000 rw-p 00000000 00:00 0 
7fc7abed1000-7fc7abf06000 r--s 00000000 08:05 34156                      /var/run/nscd/dbuh1rFU (deleted)
7fc7abf06000-7fc7abf09000 ---p 00000000 00:00 0 
7fc7abf09000-7fc7ac00b000 rw-p 00000000 00:00 0                          [stack:24086]
7fc7ac01c000-7fc7ac024000 rw-s 00000000 00:0f 56096                      /tmp/hsperfdata_zsoehren/24085
7fc7ac024000-7fc7ac02b000 r--s 00000000 08:07 512755                     /usr/lib64/gconv/gconv-modules.cache
7fc7ac02b000-7fc7ac02c000 rw-p 00000000 00:00 0 
7fc7ac02c000-7fc7ac02d000 r--p 00000000 00:00 0 
7fc7ac02d000-7fc7ac02e000 rw-p 00000000 00:00 0 
7fc7ac02e000-7fc7ac02f000 r--p 00021000 08:02 6314                       /lib64/ld-2.16.so
7fc7ac02f000-7fc7ac030000 rw-p 00022000 08:02 6314                       /lib64/ld-2.16.so
7fc7ac030000-7fc7ac031000 rw-p 00000000 00:00 0 
7fff21808000-7fff21829000 rw-p 00000000 00:00 0                          [stack]
7fff219ff000-7fff21a00000 r-xp 00000000 00:00 0                          [vdso]
ffffffffff600000-ffffffffff601000 r-xp 00000000 00:00 0                  [vsyscall]

VM Arguments:
jvm_args: -ea -Xrunjdwp:transport=dt_socket,server=y,suspend=n,address=41438 -Xdebug -Xnoagent -Djava.compiler=NONE -Ddrjava.debug.port=41438 -Dedu.rice.cs.cunit.concJUnit.check.join.enabled=false -Dedu.rice.cs.cunit.concJUnit.check.lucky.enabled=false -Dedu.rice.cs.cunit.concJUnit.check.threads.enabled=false -Djava.rmi.server.hostname=127.0.0.1 
java_command: edu.rice.cs.plt.concurrent.ProcessTaskController$Runner
Launcher Type: SUN_STANDARD

Environment Variables:
PATH=/bin:/sbin:/usr/bin:/usr/sbin
USERNAME=zsoehren
SHELL=/usr/local/bin/bash
DISPLAY=:0.0

Signal Handlers:
SIGSEGV: [libjvm.so+0x9935b0], sa_mask[0]=0x7ffbfeff, sa_flags=0x10000004
SIGBUS: [libjvm.so+0x9935b0], sa_mask[0]=0x7ffbfeff, sa_flags=0x10000004
SIGFPE: [libjvm.so+0x810330], sa_mask[0]=0x7ffbfeff, sa_flags=0x10000004
SIGPIPE: [libjvm.so+0x810330], sa_mask[0]=0x7ffbfeff, sa_flags=0x10000004
SIGXFSZ: [libjvm.so+0x810330], sa_mask[0]=0x7ffbfeff, sa_flags=0x10000004
SIGILL: [libjvm.so+0x810330], sa_mask[0]=0x7ffbfeff, sa_flags=0x10000004
SIGUSR1: SIG_DFL, sa_mask[0]=0x00000000, sa_flags=0x00000000
SIGUSR2: [libjvm.so+0x811820], sa_mask[0]=0x00000004, sa_flags=0x10000004
SIGHUP: SIG_DFL, sa_mask[0]=0x00000000, sa_flags=0x00000000
SIGINT: SIG_DFL, sa_mask[0]=0x00000000, sa_flags=0x00000000
SIGTERM: SIG_DFL, sa_mask[0]=0x00000000, sa_flags=0x00000000
SIGQUIT: SIG_DFL, sa_mask[0]=0x00000000, sa_flags=0x00000000


---------------  S Y S T E M  ---------------

OS:Gentoo Base System release 2.2

uname:Linux 3.12.6 #1 SMP Sat Jan 4 15:24:12 EST 2014 x86_64
libc:glibc 2.16 NPTL 2.16 
rlimit: STACK 8192k, CORE 0k, NPROC 256, NOFILE 4096, AS infinity
load average:0.31 0.11 0.10

/proc/meminfo:
MemTotal:        4009708 kB
MemFree:         2280500 kB
Buffers:           36152 kB
Cached:           452324 kB
SwapCached:            0 kB
Active:          1210284 kB
Inactive:         351108 kB
Active(anon):    1075796 kB
Inactive(anon):    36112 kB
Active(file):     134488 kB
Inactive(file):   314996 kB
Unevictable:           0 kB
Mlocked:               0 kB
SwapTotal:       8393956 kB
SwapFree:        8393956 kB
Dirty:                56 kB
Writeback:             0 kB
AnonPages:       1073000 kB
Mapped:           191076 kB
Shmem:             39000 kB
Slab:              83256 kB
SReclaimable:      64316 kB
SUnreclaim:        18940 kB
KernelStack:        2832 kB
PageTables:        19000 kB
NFS_Unstable:          0 kB
Bounce:                0 kB
WritebackTmp:          0 kB
CommitLimit:    10398808 kB
Committed_AS:    3187128 kB
VmallocTotal:   34359738367 kB
VmallocUsed:      299140 kB
VmallocChunk:   34359421947 kB
DirectMap4k:      105984 kB
DirectMap2M:     4046848 kB


CPU:total 4 (4 cores per cpu, 2 threads per core) family 6 model 30 stepping 5, cmov, cx8, fxsr, mmx, sse, sse2, sse3, ssse3, sse4.1, sse4.2, popcnt, ht, tsc, tscinvbit

/proc/cpuinfo:
processor	: 0
vendor_id	: GenuineIntel
cpu family	: 6
model		: 30
model name	: Intel(R) Core(TM) i7 CPU         860  @ 2.80GHz
stepping	: 5
microcode	: 0x3
cpu MHz		: 1200.000
cache size	: 8192 KB
physical id	: 0
siblings	: 4
core id		: 0
cpu cores	: 4
apicid		: 0
initial apicid	: 0
fpu		: yes
fpu_exception	: yes
cpuid level	: 11
wp		: yes
flags		: fpu vme de pse tsc msr pae mce cx8 apic sep mtrr pge mca cmov pat pse36 clflush dts acpi mmx fxsr sse sse2 ss ht tm pbe syscall nx rdtscp lm constant_tsc arch_perfmon pebs bts rep_good nopl xtopology nonstop_tsc aperfmperf pni dtes64 monitor ds_cpl vmx smx est tm2 ssse3 cx16 xtpr pdcm sse4_1 sse4_2 popcnt lahf_lm ida dtherm tpr_shadow vnmi flexpriority ept vpid
bogomips	: 5586.00
clflush size	: 64
cache_alignment	: 64
address sizes	: 36 bits physical, 48 bits virtual
power management:

processor	: 1
vendor_id	: GenuineIntel
cpu family	: 6
model		: 30
model name	: Intel(R) Core(TM) i7 CPU         860  @ 2.80GHz
stepping	: 5
microcode	: 0x3
cpu MHz		: 1200.000
cache size	: 8192 KB
physical id	: 0
siblings	: 4
core id		: 1
cpu cores	: 4
apicid		: 2
initial apicid	: 2
fpu		: yes
fpu_exception	: yes
cpuid level	: 11
wp		: yes
flags		: fpu vme de pse tsc msr pae mce cx8 apic sep mtrr pge mca cmov pat pse36 clflush dts acpi mmx fxsr sse sse2 ss ht tm pbe syscall nx rdtscp lm constant_tsc arch_perfmon pebs bts rep_good nopl xtopology nonstop_tsc aperfmperf pni dtes64 monitor ds_cpl vmx smx est tm2 ssse3 cx16 xtpr pdcm sse4_1 sse4_2 popcnt lahf_lm ida dtherm tpr_shadow vnmi flexpriority ept vpid
bogomips	: 5586.00
clflush size	: 64
cache_alignment	: 64
address sizes	: 36 bits physical, 48 bits virtual
power management:

processor	: 2
vendor_id	: GenuineIntel
cpu family	: 6
model		: 30
model name	: Intel(R) Core(TM) i7 CPU         860  @ 2.80GHz
stepping	: 5
microcode	: 0x3
cpu MHz		: 2801.000
cache size	: 8192 KB
physical id	: 0
siblings	: 4
core id		: 2
cpu cores	: 4
apicid		: 4
initial apicid	: 4
fpu		: yes
fpu_exception	: yes
cpuid level	: 11
wp		: yes
flags		: fpu vme de pse tsc msr pae mce cx8 apic sep mtrr pge mca cmov pat pse36 clflush dts acpi mmx fxsr sse sse2 ss ht tm pbe syscall nx rdtscp lm constant_tsc arch_perfmon pebs bts rep_good nopl xtopology nonstop_tsc aperfmperf pni dtes64 monitor ds_cpl vmx smx est tm2 ssse3 cx16 xtpr pdcm sse4_1 sse4_2 popcnt lahf_lm ida dtherm tpr_shadow vnmi flexpriority ept vpid
bogomips	: 5586.00
clflush size	: 64
cache_alignment	: 64
address sizes	: 36 bits physical, 48 bits virtual
power management:

processor	: 3
vendor_id	: GenuineIntel
cpu family	: 6
model		: 30
model name	: Intel(R) Core(TM) i7 CPU         860  @ 2.80GHz
stepping	: 5
microcode	: 0x3
cpu MHz		: 1200.000
cache size	: 8192 KB
physical id	: 0
siblings	: 4
core id		: 3
cpu cores	: 4
apicid		: 6
initial apicid	: 6
fpu		: yes
fpu_exception	: yes
cpuid level	: 11
wp		: yes
flags		: fpu vme de pse tsc msr pae mce cx8 apic sep mtrr pge mca cmov pat pse36 clflush dts acpi mmx fxsr sse sse2 ss ht tm pbe syscall nx rdtscp lm constant_tsc arch_perfmon pebs bts rep_good nopl xtopology nonstop_tsc aperfmperf pni dtes64 monitor ds_cpl vmx smx est tm2 ssse3 cx16 xtpr pdcm sse4_1 sse4_2 popcnt lahf_lm ida dtherm tpr_shadow vnmi flexpriority ept vpid
bogomips	: 5586.00
clflush size	: 64
cache_alignment	: 64
address sizes	: 36 bits physical, 48 bits virtual
power management:



Memory: 4k page, physical 4009708k(2280500k free), swap 8393956k(8393956k free)

vm_info: Java HotSpot(TM) 64-Bit Server VM (24.45-b08) for linux-amd64 JRE (1.7.0_45-b18), built on Oct  8 2013 05:44:25 by "java_re" with gcc 4.3.0 20080428 (Red Hat 4.3.0-8)

time: Wed Apr 30 11:24:33 2014
elapsed time: 0 seconds

